Nessun aereo deve decollare. WAIT
Nessun aereo deve decollare. WAIT
L'aereo 13 internazionale in coda per decollare
L'aereo 13 richiede decollo
Nessun aereo deve decollare. WAIT
L'aereo 13 decolla
L'aereo 14 internazionale in coda per decollare
L'aereo 14 richiede decollo
Nessun aereo deve decollare. WAIT
L'aereo 14 decolla
L'aereo 15 internazionale in coda per atterrare
L'aeroporto non ha aerei da servire. WAIT
L'aereo 16 internazionale in coda per atterrare
L'aeroporto non ha aerei da servire. WAIT
L'aereo 17 nazionale in coda per atterrare
L'aeroporto non ha aerei da servire. WAIT
L'aereo 18 internazionale in coda per decollare
L'aeroporto non ha aerei da servire. WAIT
L'aereo 18 richiede decollo
Nessun aereo deve decollare. WAIT
L'aereo 19 internazionale in coda per atterrare
L'aereo 18 decolla
L'aereo 20 internazionale in coda per decollare
L'aereo 20 richiede decollo
Nessun aereo deve decollare. WAIT
L'aereo 20 decolla
L'aereo 21 internazionale in coda per decollare
L'aeroporto non ha aerei da servire. WAIT
L'aereo 21 richiede decollo
Nessun aereo deve decollare. WAIT
L'aereo 22 internazionale in coda per decollare
L'aereo 21 decolla
L'aereo 22 richiede decollo
Nessun aereo deve decollare. WAIT
L'aereo 23 internazionale in coda per decollare
L'aereo 22 decolla
L'aereo 23 richiede decollo
Nessun aereo deve decollare. WAIT
L'aereo 24 internazionale in coda per decollare
L'aereo 24 richiede decollo
Nessun aereo deve decollare. WAIT
L'aereo 24 decolla
L'aereo 25 internazionale in coda per atterrare
L'aereo 23 decolla
L'aereo 26 internazionale in coda per decollare
L'aereo 26 richiede decollo
Nessun aereo deve decollare. WAIT
L'aereo 26 decolla
L'aereo 27 internazionale in coda per atterrare
L'aeroporto non ha aerei da servire. WAIT
L'aereo 28 internazionale in coda per atterrare
L'aeroporto non ha aerei da servire. WAIT
L'aereo 29 nazionale in coda per atterrare
L'aeroporto non ha aerei da servire. WAIT
L'aereo 30 internazionale in coda per atterrare
L'aeroporto non ha aerei da servire. WAIT
L'aereo 31 nazionale in coda per decollare
L'aereo 31 richiede decollo
Nessun aereo deve decollare. WAIT
L'aereo 31 decolla
L'aereo 32 nazionale in coda per decollare
L'aereo 32 richiede decollo
Nessun aereo deve decollare. WAIT
L'aereo 32 decolla
L'aereo 33 nazionale in coda per atterrare
L'aeroporto non ha aerei da servire. WAIT
L'aereo 34 nazionale in coda per decollare
L'aereo 34 richiede decollo
Nessun aereo deve decollare. WAIT
L'aereo 34 decolla
L'aereo 35 internazionale in coda per decollare
L'aereo 35 richiede decollo
Nessun aereo deve decollare. WAIT
L'aereo 35 decolla
L'aereo 36 nazionale in coda per atterrare
L'aeroporto non ha aerei da servire. WAIT
L'aereo 37 internazionale in coda per decollare
L'aereo 37 richiede decollo
Nessun aereo deve decollare. WAIT
L'aereo 37 decolla
L'aereo 38 internazionale in coda per atterrare
L'aeroporto non ha aerei da servire. WAIT
L'aereo 39 internazionale in coda per decollare
L'aeroporto non ha aerei da servire. WAIT
L'aereo 39 richiede decollo
Nessun aereo deve decollare. WAIT
L'aereo 40 nazionale in coda per atterrare
L'aereo 39 decolla
L'aereo 41 internazionale in coda per atterrare
L'aeroporto non ha aerei da servire. WAIT
L'aereo 42 internazionale in coda per decollare
L'aeroporto non ha aerei da servire. WAIT
L'aereo 42 richiede decollo
Nessun aereo deve decollare. WAIT
L'aereo 43 nazionale in coda per decollare
L'aereo 43 richiede decollo
Nessun aereo deve decollare. WAIT
L'aereo 42 decolla
L'aereo 44 internazionale in coda per decollare
L'aereo 44 richiede decollo
Nessun aereo deve decollare. WAIT
L'aereo 44 decolla
L'aereo 45 nazionale in coda per atterrare
L'aereo 43 decolla
L'aereo 46 internazionale in coda per decollare
L'aereo 46 richiede decollo
Nessun aereo deve decollare. WAIT
L'aereo 46 decolla
L'aereo 47 nazionale in coda per decollare
L'aereo 47 richiede decollo
Nessun aereo deve decollare. WAIT
L'aereo 47 decolla
L'aereo 48 nazionale in coda per decollare
L'aereo 48 richiede decollo
Nessun aereo deve decollare. WAIT
L'aereo 48 decolla
L'aereo 49 nazionale in coda per decollare
L'aeroporto non ha aerei da servire. WAIT
L'aereo 49 richiede decollo
Nessun aereo deve decollare. WAIT
L'aereo 50 internazionale in coda per decollare
L'aereo 49 decolla
L'aereo 50 richiede decollo
Nessun aereo deve decollare. WAIT
L'aereo 51 nazionale in coda per atterrare
L'aereo 50 decolla
L'aereo 52 internazionale in coda per decollare
L'aereo 52 richiede decollo
Nessun aereo deve decollare. WAIT
L'aereo 52 decolla
L'aereo 53 internazionale in coda per decollare
L'aeroporto non ha aerei da servire. WAIT
L'aereo 53 richiede decollo
Nessun aereo deve decollare. WAIT
L'aereo 54 nazionale in coda per atterrare
L'aereo 53 decolla
L'aereo 55 nazionale in coda per atterrare
L'aeroporto non ha aerei da servire. WAIT
L'aereo 56 internazionale in coda per atterrare
L'aeroporto non ha aerei da servire. WAIT
L'aereo 57 nazionale in coda per atterrare
L'aeroporto non ha aerei da servire. WAIT
L'aereo 58 internazionale in coda per decollare
L'aeroporto non ha aerei da servire. WAIT
L'aereo 58 richiede decollo
Nessun aereo deve decollare. WAIT
L'aereo 59 internazionale in coda per decollare
L'aereo 58 decolla
L'aereo 59 richiede decollo
Nessun aereo deve decollare. WAIT
L'aereo 60 nazionale in coda per atterrare
L'aereo 59 decolla
L'aereo 61 internazionale in coda per decollare
L'aereo 61 richiede decollo
Nessun aereo deve decollare. WAIT
L'aereo 61 decolla
L'aereo 62 internazionale in coda per decollare
L'aereo 62 richiede decollo
Nessun aereo deve decollare. WAIT
L'aereo 62 decolla
L'aereo 63 internazionale in coda per decollare
L'aeroporto non ha aerei da servire. WAIT
L'aereo 63 richiede decollo
Nessun aereo deve decollare. WAIT
L'aereo 64 nazionale in coda per decollare
L'aereo 63 decolla
L'aereo 64 richiede decollo
Nessun aereo deve decollare. WAIT
L'aereo 65 internazionale in coda per decollare
L'aereo 64 decolla
L'aereo 65 richiede decollo
Nessun aereo deve decollare. WAIT
L'aereo 66 nazionale in coda per decollare
L'aereo 65 decolla
L'aereo 66 richiede decollo
Nessun aereo deve decollare. WAIT
L'aereo 67 nazionale in coda per decollare
L'aereo 67 richiede decollo
Nessun aereo deve decollare. WAIT
L'aereo 66 decolla
L'aereo 68 internazionale in coda per atterrare
L'aereo 67 decolla
L'aereo 69 nazionale in coda per decollare
L'aereo 69 richiede decollo
Nessun aereo deve decollare. WAIT
L'aereo 69 decolla
L'aereo 70 nazionale in coda per decollare
L'aereo 70 richiede decollo
Nessun aereo deve decollare. WAIT
L'aereo 70 decolla
L'aereo 71 internazionale in coda per decollare
L'aereo 71 richiede decollo
Nessun aereo deve decollare. WAIT
L'aereo 71 decolla
L'aereo 72 internazionale in coda per decollare
L'aereo 72 richiede decollo
Nessun aereo deve decollare. WAIT
L'aereo 72 decolla
L'aereo 73 internazionale in coda per atterrare
L'aeroporto non ha aerei da servire. WAIT
L'aereo 74 nazionale in coda per decollare
L'aeroporto non ha aerei da servire. WAIT
L'aereo 74 richiede decollo
Nessun aereo deve decollare. WAIT
L'aereo 75 nazionale in coda per decollare
L'aereo 74 decolla
L'aereo 75 richiede decollo
Nessun aereo deve decollare. WAIT
L'aereo 76 nazionale in coda per decollare
L'aereo 76 richiede decollo
Nessun aereo deve decollare. WAIT
L'aereo 75 decolla
L'aereo 77 internazionale in coda per decollare
L'aereo 76 decolla
L'aereo 77 richiede decollo
Nessun aereo deve decollare. WAIT
L'aereo 78 nazionale in coda per atterrare
L'aereo 77 decolla
L'aereo 79 nazionale in coda per atterrare
L'aeroporto non ha aerei da servire. WAIT
L'aereo 80 internazionale in coda per atterrare
L'aeroporto non ha aerei da servire. WAIT
L'aereo 81 nazionale in coda per atterrare
L'aeroporto non ha aerei da servire. WAIT
L'aereo 82 nazionale in coda per atterrare
L'aeroporto non ha aerei da servire. WAIT
L'aereo 83 internazionale in coda per decollare
L'aeroporto non ha aerei da servire. WAIT
L'aereo 83 richiede decollo
Nessun aereo deve decollare. WAIT
L'aereo 84 nazionale in coda per decollare
L'aereo 84 richiede decollo
Nessun aereo deve decollare. WAIT
L'aereo 83 decolla
L'aereo 85 internazionale in coda per atterrare
L'aereo 84 decolla
L'aereo 86 internazionale in coda per decollare
L'aeroporto non ha aerei da servire. WAIT
L'aereo 86 richiede decollo
Nessun aereo deve decollare. WAIT
L'aereo 87 nazionale in coda per decollare
L'aereo 87 richiede decollo
Nessun aereo deve decollare. WAIT
L'aereo 86 decolla
L'aereo 88 internazionale in coda per atterrare
L'aereo 87 decolla
L'aereo 89 nazionale in coda per decollare
L'aereo 89 richiede decollo
Nessun aereo deve decollare. WAIT
L'aereo 89 decolla
L'aereo 90 internazionale in coda per decollare
L'aeroporto non ha aerei da servire. WAIT
L'aereo 90 richiede decollo
Nessun aereo deve decollare. WAIT
L'aereo 91 internazionale in coda per atterrare
L'aereo 90 decolla
L'aereo 92 internazionale in coda per decollare
L'aereo 92 richiede decollo
Nessun aereo deve decollare. WAIT
L'aereo 92 decolla
L'aereo 93 internazionale in coda per atterrare
L'aeroporto non ha aerei da servire. WAIT
L'aereo 94 internazionale in coda per decollare
L'aereo 94 richiede decollo
Nessun aereo deve decollare. WAIT
L'aereo 94 decolla
L'aereo 95 nazionale in coda per decollare
L'aereo 95 richiede decollo
Nessun aereo deve decollare. WAIT
L'aereo 95 decolla
L'aereo 96 internazionale in coda per decollare
L'aereo 96 richiede decollo
Nessun aereo deve decollare. WAIT
L'aereo 96 decolla
L'aereo 97 nazionale in coda per atterrare
L'aeroporto non ha aerei da servire. WAIT
L'aereo 98 nazionale in coda per atterrare
L'aeroporto non ha aerei da servire. WAIT
L'aereo 99 internazionale in coda per decollare
L'aereo 99 richiede decollo
Nessun aereo deve decollare. WAIT
L'aereo 99 decolla
L'aereo 100 nazionale in coda per decollare
L'aereo 100 richiede decollo
Nessun aereo deve decollare. WAIT
L'aereo 100 decolla
L'aereo 101 internazionale in coda per decollare
L'aereo 101 richiede decollo
Nessun aereo deve decollare. WAIT
L'aereo 101 decolla
L'aereo 102 nazionale in coda per atterrare
L'aeroporto non ha aerei da servire. WAIT
L'aereo 103 nazionale in coda per decollare
L'aereo 103 richiede decollo
Nessun aereo deve decollare. WAIT
L'aereo 103 decolla
L'aereo 104 nazionale in coda per decollare
L'aereo 104 richiede decollo
Nessun aereo deve decollare. WAIT
L'aereo 104 decolla
L'aereo 105 internazionale in coda per decollare
L'aereo 105 richiede decollo
Nessun aereo deve decollare. WAIT
L'aereo 105 decolla
L'aereo 106 internazionale in coda per decollare
L'aereo 106 richiede decollo
Nessun aereo deve decollare. WAIT
L'aereo 106 decolla
L'aereo 107 nazionale in coda per atterrare
L'aeroporto non ha aerei da servire. WAIT
L'aereo 108 internazionale in coda per decollare
L'aereo 108 richiede decollo
Nessun aereo deve decollare. WAIT
L'aereo 108 decolla
L'aereo 109 nazionale in coda per decollare
L'aereo 109 richiede decollo
Nessun aereo deve decollare. WAIT
L'aereo 109 decolla
L'aereo 110 nazionale in coda per decollare
L'aereo 110 richiede decollo
Nessun aereo deve decollare. WAIT
L'aereo 110 decolla
L'aereo 111 internazionale in coda per decollare
L'aereo 111 richiede decollo
Nessun aereo deve decollare. WAIT
L'aereo 111 decolla
L'aereo 112 nazionale in coda per atterrare
L'aeroporto non ha aerei da servire. WAIT
