Il cliente 0 si mette in coda per entrare
Il cliente 0 si mette in coda per la cassa 
Il cliente 0 ha pagato e sta uscendo
Il cliente 1 si mette in coda per Entrare con priorita
Il cliente 1 si mette in coda per la cassa con priorita
Il cliente 1 ha pagato e sta uscendo con priorita
Il cliente 2 si mette in coda per entrare
Il cliente 2 si mette in coda per la cassa 
Il cliente 2 ha pagato e sta uscendo
Il cliente 3 si mette in coda per Entrare con priorita
Il cliente 3 si mette in coda per la cassa con priorita
Il cliente 3 ha pagato e sta uscendo con priorita
Il cliente 4 si mette in coda per entrare
Il cliente 4 si mette in coda per la cassa 
Il cliente 4 ha pagato e sta uscendo
Il cliente 5 si mette in coda per Entrare con priorita
Il cliente 5 si mette in coda per la cassa con priorita
Il cliente 5 ha pagato e sta uscendo con priorita
Il cliente 6 si mette in coda per entrare
Il cliente 6 si mette in coda per la cassa 
Il cliente 6 ha pagato e sta uscendo
Il cliente 7 si mette in coda per Entrare con priorita
Il cliente 7 si mette in coda per la cassa con priorita
Il cliente 7 ha pagato e sta uscendo con priorita
Il cliente 8 si mette in coda per entrare
Il cliente 8 si mette in coda per la cassa 
Il cliente 8 ha pagato e sta uscendo
Il cliente 9 si mette in coda per Entrare con priorita
Il cliente 9 si mette in coda per la cassa con priorita
Il cliente 9 ha pagato e sta uscendo con priorita
Il cliente 10 si mette in coda per entrare
Il cliente 10 si mette in coda per la cassa 
Il cliente 10 ha pagato e sta uscendo
Il cliente 11 si mette in coda per Entrare con priorita
Il cliente 11 si mette in coda per la cassa con priorita
Il cliente 11 ha pagato e sta uscendo con priorita
Il cliente 12 si mette in coda per Entrare con priorita
Il cliente 12 si mette in coda per la cassa con priorita
Il cliente 12 ha pagato e sta uscendo con priorita
Il cliente 13 si mette in coda per entrare
Il cliente 13 si mette in coda per la cassa 
Il cliente 13 ha pagato e sta uscendo
Il cliente 14 si mette in coda per Entrare con priorita
Il cliente 14 si mette in coda per la cassa con priorita
Il cliente 14 ha pagato e sta uscendo con priorita
Il cliente 15 si mette in coda per entrare
Il cliente 15 si mette in coda per la cassa 
Il cliente 15 ha pagato e sta uscendo
Il cliente 16 si mette in coda per entrare
Il cliente 16 si mette in coda per la cassa 
Il cliente 16 ha pagato e sta uscendo
Il cliente 17 si mette in coda per Entrare con priorita
Il cliente 17 si mette in coda per la cassa con priorita
Il cliente 17 ha pagato e sta uscendo con priorita
Il cliente 18 si mette in coda per entrare
Il cliente 18 si mette in coda per la cassa 
Il cliente 18 ha pagato e sta uscendo
Il cliente 19 si mette in coda per entrare
Il cliente 19 si mette in coda per la cassa 
Il cliente 19 ha pagato e sta uscendo
Il cliente 20 si mette in coda per Entrare con priorita
Il cliente 20 si mette in coda per la cassa con priorita
Il cliente 20 ha pagato e sta uscendo con priorita
Il cliente 21 si mette in coda per entrare
Il cliente 21 si mette in coda per la cassa 
Il cliente 21 ha pagato e sta uscendo
Il cliente 22 si mette in coda per Entrare con priorita
Il cliente 22 si mette in coda per la cassa con priorita
Il cliente 22 ha pagato e sta uscendo con priorita
Il cliente 23 si mette in coda per Entrare con priorita
Il cliente 23 si mette in coda per la cassa con priorita
Il cliente 23 ha pagato e sta uscendo con priorita
Il cliente 24 si mette in coda per entrare
Il cliente 24 si mette in coda per la cassa 
Il cliente 24 ha pagato e sta uscendo
Il cliente 25 si mette in coda per Entrare con priorita
Il cliente 25 si mette in coda per la cassa con priorita
Il cliente 25 ha pagato e sta uscendo con priorita
Il cliente 26 si mette in coda per Entrare con priorita
Il cliente 26 si mette in coda per la cassa con priorita
Il cliente 26 ha pagato e sta uscendo con priorita
Il cliente 27 si mette in coda per entrare
Il cliente 27 si mette in coda per la cassa 
Il cliente 27 ha pagato e sta uscendo
Il cliente 28 si mette in coda per entrare
Il cliente 28 si mette in coda per la cassa 
Il cliente 28 ha pagato e sta uscendo
Il cliente 29 si mette in coda per Entrare con priorita
Il cliente 29 si mette in coda per la cassa con priorita
Il cliente 29 ha pagato e sta uscendo con priorita
Il cliente 30 si mette in coda per Entrare con priorita
Il cliente 30 si mette in coda per la cassa con priorita
Il cliente 30 ha pagato e sta uscendo con priorita
Il cliente 31 si mette in coda per Entrare con priorita
Il cliente 31 si mette in coda per la cassa con priorita
Il cliente 31 ha pagato e sta uscendo con priorita
Il cliente 32 si mette in coda per Entrare con priorita
Il cliente 33 si mette in coda per entrare
Il cliente 33 si mette in coda per la cassa 
Il cliente 32 si mette in coda per la cassa con priorita
Il cliente 33 ha pagato e sta uscendo
Il cliente 32 ha pagato e sta uscendo con priorita
Il cliente 34 si mette in coda per entrare
Il cliente 34 si mette in coda per la cassa 
Il cliente 34 ha pagato e sta uscendo
Il cliente 35 si mette in coda per Entrare con priorita
Il cliente 35 si mette in coda per la cassa con priorita
Il cliente 35 ha pagato e sta uscendo con priorita
Il cliente 36 si mette in coda per Entrare con priorita
Il cliente 36 si mette in coda per la cassa con priorita
Il cliente 36 ha pagato e sta uscendo con priorita
Il cliente 37 si mette in coda per entrare
Il cliente 37 si mette in coda per la cassa 
Il cliente 37 ha pagato e sta uscendo
Il cliente 38 si mette in coda per Entrare con priorita
Il cliente 38 si mette in coda per la cassa con priorita
Il cliente 38 ha pagato e sta uscendo con priorita
Il cliente 39 si mette in coda per entrare
Il cliente 39 si mette in coda per la cassa 
Il cliente 39 ha pagato e sta uscendo
Il cliente 40 si mette in coda per entrare
Il cliente 40 si mette in coda per la cassa 
Il cliente 40 ha pagato e sta uscendo
Il cliente 41 si mette in coda per Entrare con priorita
Il cliente 41 si mette in coda per la cassa con priorita
Il cliente 41 ha pagato e sta uscendo con priorita
Il cliente 42 si mette in coda per Entrare con priorita
Il cliente 42 si mette in coda per la cassa con priorita
Il cliente 42 ha pagato e sta uscendo con priorita
Il cliente 43 si mette in coda per entrare
Il cliente 43 si mette in coda per la cassa 
Il cliente 43 ha pagato e sta uscendo
Il cliente 44 si mette in coda per Entrare con priorita
Il cliente 44 si mette in coda per la cassa con priorita
Il cliente 44 ha pagato e sta uscendo con priorita
Il cliente 45 si mette in coda per Entrare con priorita
Il cliente 45 si mette in coda per la cassa con priorita
Il cliente 45 ha pagato e sta uscendo con priorita
Il cliente 46 si mette in coda per entrare
Il cliente 46 si mette in coda per la cassa 
Il cliente 46 ha pagato e sta uscendo
Il cliente 47 si mette in coda per entrare
Il cliente 47 si mette in coda per la cassa 
Il cliente 47 ha pagato e sta uscendo
Il cliente 48 si mette in coda per Entrare con priorita
Il cliente 48 si mette in coda per la cassa con priorita
Il cliente 48 ha pagato e sta uscendo con priorita
Il cliente 49 si mette in coda per Entrare con priorita
Il cliente 49 si mette in coda per la cassa con priorita
Il cliente 49 ha pagato e sta uscendo con priorita
Il cliente 50 si mette in coda per Entrare con priorita
Il cliente 50 si mette in coda per la cassa con priorita
Il cliente 50 ha pagato e sta uscendo con priorita
Il cliente 51 si mette in coda per entrare
Il cliente 51 si mette in coda per la cassa 
Il cliente 51 ha pagato e sta uscendo
Il cliente 52 si mette in coda per entrare
Il cliente 52 si mette in coda per la cassa 
Il cliente 52 ha pagato e sta uscendo
Il cliente 53 si mette in coda per Entrare con priorita
Il cliente 53 si mette in coda per la cassa con priorita
Il cliente 53 ha pagato e sta uscendo con priorita
Il cliente 54 si mette in coda per entrare
Il cliente 54 si mette in coda per la cassa 
Il cliente 54 ha pagato e sta uscendo
Il cliente 55 si mette in coda per entrare
Il cliente 55 si mette in coda per la cassa 
Il cliente 55 ha pagato e sta uscendo
Il cliente 56 si mette in coda per Entrare con priorita
Il cliente 56 si mette in coda per la cassa con priorita
Il cliente 56 ha pagato e sta uscendo con priorita
Il cliente 57 si mette in coda per Entrare con priorita
Il cliente 57 si mette in coda per la cassa con priorita
Il cliente 57 ha pagato e sta uscendo con priorita
Il cliente 58 si mette in coda per Entrare con priorita
Il cliente 58 si mette in coda per la cassa con priorita
Il cliente 58 ha pagato e sta uscendo con priorita
Il cliente 59 si mette in coda per Entrare con priorita
Il cliente 60 si mette in coda per entrare
Il cliente 60 si mette in coda per la cassa 
Il cliente 59 si mette in coda per la cassa con priorita
Il cliente 60 ha pagato e sta uscendo
Il cliente 59 ha pagato e sta uscendo con priorita
Il cliente 61 si mette in coda per entrare
Il cliente 61 si mette in coda per la cassa 
Il cliente 61 ha pagato e sta uscendo
Il cliente 62 si mette in coda per Entrare con priorita
Il cliente 62 si mette in coda per la cassa con priorita
Il cliente 62 ha pagato e sta uscendo con priorita
Il cliente 63 si mette in coda per entrare
Il cliente 63 si mette in coda per la cassa 
Il cliente 63 ha pagato e sta uscendo
Il cliente 64 si mette in coda per Entrare con priorita
Il cliente 64 si mette in coda per la cassa con priorita
Il cliente 64 ha pagato e sta uscendo con priorita
Il cliente 65 si mette in coda per Entrare con priorita
Il cliente 65 si mette in coda per la cassa con priorita
Il cliente 65 ha pagato e sta uscendo con priorita
Il cliente 66 si mette in coda per Entrare con priorita
Il cliente 66 si mette in coda per la cassa con priorita
Il cliente 66 ha pagato e sta uscendo con priorita
Il cliente 67 si mette in coda per entrare
Il cliente 67 si mette in coda per la cassa 
Il cliente 67 ha pagato e sta uscendo
Il cliente 68 si mette in coda per Entrare con priorita
Il cliente 68 si mette in coda per la cassa con priorita
Il cliente 68 ha pagato e sta uscendo con priorita
Il cliente 69 si mette in coda per Entrare con priorita
Il cliente 69 si mette in coda per la cassa con priorita
Il cliente 69 ha pagato e sta uscendo con priorita
Il cliente 70 si mette in coda per entrare
Il cliente 70 si mette in coda per la cassa 
Il cliente 70 ha pagato e sta uscendo
Il cliente 71 si mette in coda per Entrare con priorita
Il cliente 71 si mette in coda per la cassa con priorita
Il cliente 71 ha pagato e sta uscendo con priorita
Il cliente 72 si mette in coda per entrare
Il cliente 72 si mette in coda per la cassa 
Il cliente 72 ha pagato e sta uscendo
Il cliente 73 si mette in coda per entrare
Il cliente 73 si mette in coda per la cassa 
Il cliente 73 ha pagato e sta uscendo
Il cliente 74 si mette in coda per Entrare con priorita
Il cliente 74 si mette in coda per la cassa con priorita
Il cliente 74 ha pagato e sta uscendo con priorita
Il cliente 75 si mette in coda per Entrare con priorita
Il cliente 75 si mette in coda per la cassa con priorita
Il cliente 75 ha pagato e sta uscendo con priorita
Il cliente 76 si mette in coda per entrare
Il cliente 76 si mette in coda per la cassa 
Il cliente 76 ha pagato e sta uscendo
Il cliente 77 si mette in coda per Entrare con priorita
Il cliente 77 si mette in coda per la cassa con priorita
Il cliente 77 ha pagato e sta uscendo con priorita
Il cliente 78 si mette in coda per Entrare con priorita
Il cliente 78 si mette in coda per la cassa con priorita
Il cliente 78 ha pagato e sta uscendo con priorita
Il cliente 79 si mette in coda per Entrare con priorita
Il cliente 79 si mette in coda per la cassa con priorita
Il cliente 79 ha pagato e sta uscendo con priorita
Il cliente 80 si mette in coda per entrare
Il cliente 80 si mette in coda per la cassa 
Il cliente 80 ha pagato e sta uscendo
Il cliente 81 si mette in coda per Entrare con priorita
Il cliente 81 si mette in coda per la cassa con priorita
Il cliente 81 ha pagato e sta uscendo con priorita
Il cliente 82 si mette in coda per entrare
Il cliente 82 si mette in coda per la cassa 
Il cliente 82 ha pagato e sta uscendo
Il cliente 83 si mette in coda per entrare
Il cliente 83 si mette in coda per la cassa 
Il cliente 83 ha pagato e sta uscendo
Il cliente 84 si mette in coda per entrare
Il cliente 84 si mette in coda per la cassa 
Il cliente 84 ha pagato e sta uscendo
Il cliente 85 si mette in coda per Entrare con priorita
Il cliente 85 si mette in coda per la cassa con priorita
Il cliente 85 ha pagato e sta uscendo con priorita
Il cliente 86 si mette in coda per entrare
Il cliente 86 si mette in coda per la cassa 
Il cliente 86 ha pagato e sta uscendo
Il cliente 87 si mette in coda per Entrare con priorita
Il cliente 87 si mette in coda per la cassa con priorita
Il cliente 87 ha pagato e sta uscendo con priorita
Il cliente 88 si mette in coda per entrare
Il cliente 88 si mette in coda per la cassa 
Il cliente 88 ha pagato e sta uscendo
Il cliente 89 si mette in coda per entrare
Il cliente 89 si mette in coda per la cassa 
Il cliente 89 ha pagato e sta uscendo
Il cliente 90 si mette in coda per Entrare con priorita
Il cliente 90 si mette in coda per la cassa con priorita
Il cliente 90 ha pagato e sta uscendo con priorita
Il cliente 91 si mette in coda per Entrare con priorita
Il cliente 91 si mette in coda per la cassa con priorita
Il cliente 91 ha pagato e sta uscendo con priorita
Il cliente 92 si mette in coda per entrare
Il cliente 92 si mette in coda per la cassa 
Il cliente 92 ha pagato e sta uscendo
Il cliente 93 si mette in coda per entrare
Il cliente 93 si mette in coda per la cassa 
Il cliente 93 ha pagato e sta uscendo
Il cliente 94 si mette in coda per Entrare con priorita
Il cliente 94 si mette in coda per la cassa con priorita
Il cliente 94 ha pagato e sta uscendo con priorita
Il cliente 95 si mette in coda per entrare
Il cliente 95 si mette in coda per la cassa 
Il cliente 95 ha pagato e sta uscendo
Il cliente 96 si mette in coda per Entrare con priorita
Il cliente 96 si mette in coda per la cassa con priorita
Il cliente 96 ha pagato e sta uscendo con priorita
Il cliente 97 si mette in coda per entrare
Il cliente 97 si mette in coda per la cassa 
Il cliente 97 ha pagato e sta uscendo
Il cliente 98 si mette in coda per entrare
Il cliente 98 si mette in coda per la cassa 
Il cliente 98 ha pagato e sta uscendo
Il cliente 99 si mette in coda per entrare
Il cliente 99 si mette in coda per la cassa 
Il cliente 99 ha pagato e sta uscendo
